<?xml version="1.0" encoding="UTF-8"?>
<testsuite xmlns:xsi="http://www.w3.org/2001/XMLSchema-instance" xsi:noNamespaceSchemaLocation="https://maven.apache.org/surefire/maven-surefire-plugin/xsd/surefire-test-report.xsd" name="eshop.service.ProductServiceImplTest" time="0.401" tests="12" errors="0" skipped="0" failures="0">
  <properties>
[...]
</properties>
  <testcase name="filterProducts_withPriceHigherThanPredicate_shouldReturnListOfProductsWithPriceMatchingThreshold" classname="eshop.service.ProductServiceImplTest" time="0.045"/>
  <testcase name="filterProducts_withProductCategoryPredicate" classname="eshop.service.ProductServiceImplTest" time="0.002"/>
  <testcase name="updateProduct_whenProductIsCorrect_shouldReturnUpdatedProduct" classname="eshop.service.ProductServiceImplTest" time="0.056"/>
  <testcase name="addProduct_whenProductIsNull_shouldThrowException" classname="eshop.service.ProductServiceImplTest" time="0.005"/>
  <testcase name="updateProduct_whenProductIsIncorrectlyUpdated_shouldThrowException" classname="eshop.service.ProductServiceImplTest" time="0.003"/>
  <testcase name="updateProduct_whenProductWhenPriceBelowOrZero_shouldThrowException" classname="eshop.service.ProductServiceImplTest" time="0.001"/>
  <testcase name="groupByProductCategory_shouldReturnMapOfProductCategoryAndListOfProducts" classname="eshop.service.ProductServiceImplTest" time="0.015"/>
  <testcase name="addProduct_whenProductWhenPriceBelowOrZero_shouldThrowException" classname="eshop.service.ProductServiceImplTest" time="0"/>
  <testcase name="removeProduct_whenProductIsNull_shouldThrowException" classname="eshop.service.ProductServiceImplTest" time="0.001"/>
  <testcase name="addProduct_whenProductIsCorrect_shouldReturnAddedProduct" classname="eshop.service.ProductServiceImplTest" time="0"/>
  <testcase name="findTopNumberOfProductsByCategory_shouldReturnFilteredNumberOfProducts" classname="eshop.service.ProductServiceImplTest" time="0.004"/>
  <testcase name="removeProduct_whenProductIsNotNull_shouldReturnId" classname="eshop.service.ProductServiceImplTest" time="0.001"/>
</testsuite>